2024-02-12 21:04:24,451 - DEBUG - Called rectangle
2024-02-12 21:39:13,706 - DEBUG - Called rectangle
2024-02-12 21:39:52,832 - DEBUG - Called rectangle
2024-02-12 22:31:08,487 - DEBUG - Called rectangle
2024-02-13 20:50:07,021 - DEBUG - Called show
2024-02-13 20:50:07,029 - INFO - Файл 'menu.txt' успішно прочитано
2024-02-13 20:50:12,896 - WARNING - Введено неправильний вибір у меню
2024-02-13 20:50:12,896 - DEBUG - Called show
2024-02-13 20:50:12,897 - INFO - Файл 'menu.txt' успішно прочитано
2024-02-13 20:50:15,537 - INFO - Обрано пункт меню: 1
2024-02-13 20:50:22,701 - INFO - Вказана назва файлу: 3
2024-02-13 20:50:22,702 - INFO - Called rectangle
2024-02-13 20:50:22,702 - DEBUG - Filename: 3.gcode
2024-02-13 20:50:22,704 - DEBUG - Called show
2024-02-13 20:50:22,705 - INFO - Файл 'menu.txt' успішно прочитано
2024-02-13 20:50:35,678 - INFO - Обрано пункт меню: 2
2024-02-13 20:50:37,824 - INFO - Вказана назва файлу: тфьу
2024-02-13 20:50:39,452 - INFO - Вказаний радіус: 123
2024-02-13 20:50:39,452 - INFO - Called circle
2024-02-13 20:50:39,452 - DEBUG - Filename: тфьу.gcode
2024-02-13 20:50:39,453 - DEBUG - Opened тфьу.gcode
2024-02-13 20:50:39,453 - DEBUG - Called show
2024-02-13 20:50:39,454 - INFO - Файл 'menu.txt' успішно прочитано
2024-02-13 20:50:44,962 - INFO - Обрано пункт меню: 4. Вихід з програми.
2024-02-13 20:50:44,962 - DEBUG - Called exit_program
2024-02-13 20:50:45,718 - INFO - Завершення програми
